#
# A fatal error has been detected by the Java Runtime Environment:
#
#  EXCEPTION_ACCESS_VIOLATION (0xc0000005) at pc=0x00007ffa9c3f9f42, pid=3552, tid=10648
#
# JRE version: Java(TM) SE Runtime Environment (17.0.10+11) (build 17.0.10+11-LTS-240)
# Java VM: Java HotSpot(TM) 64-Bit Server VM (17.0.10+11-LTS-240, mixed mode, emulated-client, sharing, tiered, compressed oops, compressed class ptrs, g1 gc, windows-amd64)
# Problematic frame:
# V  [jvm.dll+0x309f42]
#
# No core dump will be written. Minidumps are not enabled by default on client versions of Windows
#
# If you would like to submit a bug report, please visit:
#   https://bugreport.java.com/bugreport/crash.jsp
#

---------------  S U M M A R Y ------------

Command Line: -Dcom.sun.management.jmxremote -Dcom.sun.management.jmxremote.port=60593 -Dcom.sun.management.jmxremote.authenticate=false -Dcom.sun.management.jmxremote.ssl=false -Djava.rmi.server.hostname=localhost -Dspring.jmx.enabled=true -Dmanagement.endpoints.jmx.exposure.include=* -Dspring.application.admin.enabled=true -XX:TieredStopAtLevel=1 -Dspring.boot.project.name=VendorPortalUpload -Dfile.encoding=UTF-8 -Dstdout.encoding=UTF-8 -Dstderr.encoding=UTF-8 -XX:+ShowCodeDetailsInExceptionMessages com.application.main.VendorPortalUploadApplication --spring.output.ansi.enabled=always

Host: Intel(R) Core(TM) i5-6300U CPU @ 2.40GHz, 4 cores, 7G,  Windows 10 , 64 bit Build 19041 (10.0.19041.4717)
Time: Mon Sep  2 10:20:14 2024 India Standard Time elapsed time: 1143.828253 seconds (0d 0h 19m 3s)

---------------  T H R E A D  ---------------

Current thread (0x000001dc459a6300):  GCTaskThread "GC Thread#2" [stack: 0x000000907fe00000,0x000000907ff00000] [id=10648]

Stack: [0x000000907fe00000,0x000000907ff00000],  sp=0x000000907feff5a0,  free space=1021k
Native frames: (J=compiled Java code, j=interpreted, Vv=VM code, C=native code)
V  [jvm.dll+0x309f42]
V  [jvm.dll+0x2f0b09]
V  [jvm.dll+0x2eed1a]
V  [jvm.dll+0x2f4cb4]
V  [jvm.dll+0x2f4ddf]
V  [jvm.dll+0x2f44dd]
V  [jvm.dll+0x2f3d66]
V  [jvm.dll+0x8067ab]
V  [jvm.dll+0x8067f6]
V  [jvm.dll+0x78888a]
V  [jvm.dll+0x676935]
C  [ucrtbase.dll+0x21bb2]
C  [KERNEL32.DLL+0x17374]
C  [ntdll.dll+0x4cc91]


siginfo: EXCEPTION_ACCESS_VIOLATION (0xc0000005), reading address 0x0000000000000100


Registers:
RAX=0x0000000000000000, RBX=0x000001dc4a16de28, RCX=0x000001dc00000000, RDX=0x00000000826a9e60
RSP=0x000000907feff5a0, RBP=0x000000008c7e39cc, RSI=0x000001dc4a16d7e0, RDI=0x0000000000000008
R8 =0x000001dc00000000, R9 =0x0000000000000000, R10=0x0000000000000010, R11=0x0000000000000001
R12=0x000001dc00063d98, R13=0x000000008c7e3978, R14=0x000001dc4a16d7e0, R15=0x000001dc4a16dd90
RIP=0x00007ffa9c3f9f42, EFLAGS=0x0000000000010246


Register to memory mapping:

RIP=0x00007ffa9c3f9f42 jvm.dll
RAX=0x0 is NULL
RBX=0x000001dc4a16de28 points into unknown readable memory: 0x000001dc46a0e810 | 10 e8 a0 46 dc 01 00 00
RCX=0x000001dc00000000 is pointing into metadata
RDX=0x00000000826a9e60 is pointing into object: java.lang.String 
{0x00000000826a9e58} - klass: 'java/lang/String'
 - string: "<null_sentinel>"
RSP=0x000000907feff5a0 points into unknown readable memory: 0x000001dc49c956d0 | d0 56 c9 49 dc 01 00 00
RBP=0x000000008c7e39cc is pointing into object: java.lang.reflect.Method 
{0x000000008c7e3978} - klass: 'java/lang/reflect/Method'
 - ---- fields (total size 11 words):
 - 'override' 'Z' @12  false
 - volatile 'accessCheckCache' 'Ljava/lang/Object;' @16  NULL (0)
 - private volatile transient 'hasRealParameterData' 'Z' @13  false
 - private volatile transient 'parameters' '[Ljava/lang/reflect/Parameter;' @20  NULL (0)
 - private volatile transient 'declaredAnnotations' 'Ljava/util/Map;' @24  a 'java/util/Collections$EmptyMap'{0x0000000082934700} (82934700)
 - private 'slot' 'I' @28  1
 - private synchronized 'modifiers' 'I' @32  1
 - private synchronized 'clazz' 'Ljava/lang/Class;' @36  a 'java/lang/Class'{0x0000000084915030} = 'org/springframework/data/web/OffsetScrollPositionHandlerMethodArgumentResolver' (84915030)
 - private 'name' 'Ljava/lang/String;' @40  "supportsParameter"{0x00000000893f3ce8} (893f3ce8)
 - private 'returnType' 'Ljava/lang/Class;' @44  a 'java/lang/Class'{0x00000000826a9a50} = boolean (826a9a50)
 - private 'parameterTypes' '[Ljava/lang/Class;' @48  a 'java/lang/Class'[1] {0x000000008c7e3960} (8c7e3960)
 - private 'exceptionTypes' '[Ljava/lang/Class;' @52  
[error occurred during error reporting (printing register info), id 0xc0000005, EXCEPTION_ACCESS_VIOLATION (0xc0000005) at pc=0x00007ffa9c7542e9]

Top of Stack: (sp=0x000000907feff5a0)
0x000000907feff5a0:   000001dc49c956d0 00007ffa9c3e097f
0x000000907feff5b0:   000000008499e4b0 00007ffa9c3e097f
0x000000907feff5c0:   00000000826a9e60 00007ffa9c3e0b09
0x000000907feff5d0:   00000000826a9e68 0000000000000003
0x000000907feff5e0:   0000000000000000 00007ffa9c3df891
0x000000907feff5f0:   00000000826a9e60 000000000000e970
0x000000907feff600:   000001dc00063d90 00007ffa9c3ded1a
0x000000907feff610:   000001dc4a16d7e0 000000008c7e39ac
0x000000907feff620:   00000000826a9e60 00007ffa9c3e0b09
0x000000907feff630:   00007ffa9c0f0000 0000000000000000
0x000000907feff640:   000000000000000c 000000000000000c
0x000000907feff650:   000001dc4a16d7e0 00007ffa9c3e4cb4
0x000000907feff660:   000000008c7e3948 000000008c7e3978
0x000000907feff670:   0000000000000000 000000008c7e39f0
0x000000907feff680:   0000000000000000 0000000000000000
0x000000907feff690:   0000000000000010 0000000000000002 

Instructions: (pc=0x00007ffa9c3f9f42)
0x00007ffa9c3f9e42:   4b 10 45 33 c0 48 c1 e1 04 41 8d 50 05 e8 7c b2
0x00007ffa9c3f9e52:   d9 ff 48 89 43 08 48 8b c3 48 8b 5c 24 40 48 83
0x00007ffa9c3f9e62:   c4 30 5f c3 cc cc cc cc cc cc cc cc cc cc 48 8b
0x00007ffa9c3f9e72:   49 08 e9 d7 b1 d9 ff cc cc cc cc cc cc cc 48 89
0x00007ffa9c3f9e82:   5c 24 08 57 48 83 ec 20 48 8b 05 67 49 83 00 48
0x00007ffa9c3f9e92:   8b d9 48 8b fa 8b 88 c0 01 00 00 4c 8b 80 b8 01
0x00007ffa9c3f9ea2:   00 00 0f b6 05 4c e0 7f 00 49 d3 e0 8b 0d bc e9
0x00007ffa9c3f9eb2:   7f 00 49 2b f8 48 d3 ef 84 c0 74 16 44 8b 42 08
0x00007ffa9c3f9ec2:   8b 0d 00 64 79 00 49 d3 e0 4c 03 05 ee 63 79 00
0x00007ffa9c3f9ed2:   eb 04 4c 8b 42 08 45 8b 48 08 45 85 c9 7e 0c 41
0x00007ffa9c3f9ee2:   f6 c1 01 75 55 41 c1 f9 03 eb 5e 79 4d 84 c0 41
0x00007ffa9c3f9ef2:   b8 0c 00 00 00 8b 05 e7 72 79 00 b9 10 00 00 00
0x00007ffa9c3f9f02:   41 0f 45 c8 ff c8 4c 63 c0 41 8b c1 48 c1 f8 10
0x00007ffa9c3f9f12:   48 63 14 11 41 8b c9 83 e1 3f 48 d3 e2 0f b6 c8
0x00007ffa9c3f9f22:   49 8d 04 10 49 f7 d0 48 03 c8 4d 8b c8 49 c1 e9
0x00007ffa9c3f9f32:   03 48 c1 e9 03 44 23 c9 eb 0f 49 8b 00 49 8b c8
0x00007ffa9c3f9f42:   ff 90 00 01 00 00 44 8b c8 8b 53 28 8b c7 48 23
0x00007ffa9c3f9f52:   d0 48 c1 e2 04 48 03 53 08 8b 02 3b c7 74 34 4c
0x00007ffa9c3f9f62:   8b 42 08 4d 85 c0 74 0b 8b c8 48 8b 03 f0 4c 0f
0x00007ffa9c3f9f72:   c1 04 c8 48 c7 42 08 00 00 00 00 89 3a 48 ff 43
0x00007ffa9c3f9f82:   20 49 63 c1 48 01 42 08 48 8b 5c 24 30 48 83 c4
0x00007ffa9c3f9f92:   20 5f c3 48 ff 43 18 48 8b 5c 24 30 49 63 c1 48
0x00007ffa9c3f9fa2:   01 42 08 48 83 c4 20 5f c3 cc cc cc cc cc 48 89
0x00007ffa9c3f9fb2:   5c 24 08 33 db 4c 8b da 4c 8b c9 44 8b c3 39 59
0x00007ffa9c3f9fc2:   10 76 39 66 66 66 0f 1f 84 00 00 00 00 00 41 8b
0x00007ffa9c3f9fd2:   c0 48 c1 e0 04 49 03 41 08 4c 8b 50 08 4d 85 d2
0x00007ffa9c3f9fe2:   74 0b 8b 10 49 8b 09 f0 4c 0f c1 14 d1 41 ff c0
0x00007ffa9c3f9ff2:   89 18 48 89 58 08 45 3b 41 10 72 d2 49 8b 41 18
0x00007ffa9c3fa002:   48 8b 5c 24 08 49 89 03 49 8b 41 20 49 89 43 08
0x00007ffa9c3fa012:   49 8b c3 c3 cc cc cc cc cc cc cc cc cc cc 45 33
0x00007ffa9c3fa022:   c0 48 8b d1 41 8b c0 4c 89 41 18 4c 89 41 20 39
0x00007ffa9c3fa032:   41 10 76 21 66 66 0f 1f 84 00 00 00 00 00 8b c8 


Stack slot to memory mapping:
stack at sp + 0 slots: 0x000001dc49c956d0 points into unknown readable memory: 0x00007ffa9ca431f0 | f0 31 a4 9c fa 7f 00 00
stack at sp + 1 slots: 0x00007ffa9c3e097f jvm.dll
stack at sp + 2 slots: 0x000000008499e4b0 is an oop: org.springframework.cglib.core.AbstractClassGenerator$ClassLoaderData 
{0x000000008499e4b0} - klass: 'org/springframework/cglib/core/AbstractClassGenerator$ClassLoaderData'
 - ---- fields (total size 4 words):
 - private final 'reservedClassNames' 'Ljava/util/Set;' @12  a 'java/util/HashSet'{0x000000008499e4d0} (8499e4d0)
 - private final 'generatedClasses' 'Lorg/springframework/cglib/core/internal/LoadingCache;' @16  a 'org/springframework/cglib/core/internal/LoadingCache'{0x000000008499ec20} (8499ec20)
 - private final 'classLoader' 'Ljava/lang/ref/WeakReference;' @20  a 'java/lang/ref/WeakReference'{0x000000008499f128} (8499f128)
 - private final 'uniqueNamePredicate' 'Lorg/springframework/cglib/core/Predicate;' @24  a 'org/springframework/cglib/core/AbstractClassGenerator$ClassLoaderData$$Lambda$680+0x000001dc014f30a8'{0x000000008499f148} (8499f148)
stack at sp + 3 slots: 0x00007ffa9c3e097f jvm.dll
stack at sp + 4 slots: 0x00000000826a9e60 is pointing into object: java.lang.String 
{0x00000000826a9e58} - klass: 'java/lang/String'
 - string: "<null_sentinel>"
stack at sp + 5 slots: 0x00007ffa9c3e0b09 jvm.dll
stack at sp + 6 slots: 0x00000000826a9e68 is pointing into object: java.lang.String 
{0x00000000826a9e58} - klass: 'java/lang/String'
 - string: "<null_sentinel>"
stack at sp + 7 slots: 0x0000000000000003 is an unknown value


---------------  P R O C E S S  ---------------

Threads class SMR info:
_java_thread_list=0x000001dc4a35dde0, length=40, elements={
0x000001dc7b720e40, 0x000001dc7b722370, 0x000001dc7b735640, 0x000001dc7b736970,
0x000001dc7b739a00, 0x000001dc7b73df70, 0x000001dc7b73efe0, 0x000001dc7b740090,
0x000001dc7b70bf90, 0x000001dc452a1980, 0x000001dc46924310, 0x000001dc469247f0,
0x000001dc46966180, 0x000001dc46bcf5f0, 0x000001dc46c14730, 0x000001dc46c132f0,
0x000001dc4992b670, 0x000001dc49928df0, 0x000001dc49eda360, 0x000001dc49edef50,
0x000001dc49ed8f20, 0x000001dc49ed8a10, 0x000001dc49eda870, 0x000001dc49edb7a0,
0x000001dc49edb290, 0x000001dc49edcbe0, 0x000001dc49edd0f0, 0x000001dc49ed7ae0,
0x000001dc49eddb10, 0x000001dc49ede020, 0x000001dc49ede530, 0x000001dc49edf460,
0x000001dc49ed7ff0, 0x000001dc499274a0, 0x000001dc499279b0, 0x000001dc4992a230,
0x000001dc4992d9e0, 0x000001dc4992a740, 0x000001dc4992cfc0, 0x000001dc4992b160
}

Java Threads: ( => current thread )
  0x000001dc7b720e40 JavaThread "Reference Handler" daemon [_thread_blocked, id=8868, stack(0x000000907f100000,0x000000907f200000)]
  0x000001dc7b722370 JavaThread "Finalizer" daemon [_thread_blocked, id=2744, stack(0x000000907f200000,0x000000907f300000)]
  0x000001dc7b735640 JavaThread "Signal Dispatcher" daemon [_thread_blocked, id=6044, stack(0x000000907f300000,0x000000907f400000)]
  0x000001dc7b736970 JavaThread "Attach Listener" daemon [_thread_blocked, id=17804, stack(0x000000907f400000,0x000000907f500000)]
  0x000001dc7b739a00 JavaThread "Service Thread" daemon [_thread_blocked, id=14868, stack(0x000000907f500000,0x000000907f600000)]
  0x000001dc7b73df70 JavaThread "Monitor Deflation Thread" daemon [_thread_blocked, id=1552, stack(0x000000907f600000,0x000000907f700000)]
  0x000001dc7b73efe0 JavaThread "C1 CompilerThread0" daemon [_thread_blocked, id=15296, stack(0x000000907f700000,0x000000907f800000)]
  0x000001dc7b740090 JavaThread "Sweeper thread" daemon [_thread_blocked, id=2072, stack(0x000000907f800000,0x000000907f900000)]
  0x000001dc7b70bf90 JavaThread "Common-Cleaner" daemon [_thread_blocked, id=16788, stack(0x000000907fb00000,0x000000907fc00000)]
  0x000001dc452a1980 JavaThread "Notification Thread" daemon [_thread_blocked, id=14164, stack(0x000000907fc00000,0x000000907fd00000)]
  0x000001dc46924310 JavaThread "RMI TCP Accept-0" daemon [_thread_in_native, id=18196, stack(0x000000907ff00000,0x0000009080000000)]
  0x000001dc469247f0 JavaThread "RMI TCP Accept-60593" daemon [_thread_in_native, id=18224, stack(0x0000009000000000,0x0000009000100000)]
  0x000001dc46966180 JavaThread "RMI TCP Accept-0" daemon [_thread_in_native, id=9584, stack(0x0000009000100000,0x0000009000200000)]
  0x000001dc46bcf5f0 JavaThread "RMI Scheduler(0)" daemon [_thread_blocked, id=11512, stack(0x0000009000400000,0x0000009000500000)]
  0x000001dc46c14730 JavaThread "JMX server connection timeout 21" daemon [_thread_blocked, id=7328, stack(0x0000009000600000,0x0000009000700000)]
  0x000001dc46c132f0 JavaThread "BufferPoolPruner-1-thread-1" daemon [_thread_blocked, id=10584, stack(0x0000009000e00000,0x0000009000f00000)]
  0x000001dc4992b670 JavaThread "Live Reload Server" daemon [_thread_in_native, id=1080, stack(0x0000009001400000,0x0000009001500000)]
  0x000001dc49928df0 JavaThread "configWatchTaskScheduler-1" [_thread_in_native, id=1028, stack(0x0000009002200000,0x0000009002300000)]
  0x000001dc49eda360 JavaThread "DestroyJavaVM" [_thread_blocked, id=17564, stack(0x000000907ea00000,0x000000907eb00000)]
  0x000001dc49edef50 JavaThread "RMI TCP Connection(idle)" daemon [_thread_blocked, id=9316, stack(0x0000009000800000,0x0000009000900000)]
  0x000001dc49ed8f20 JavaThread "RMI TCP Connection(9)-127.0.0.1" daemon [_thread_in_native, id=4436, stack(0x0000009000900000,0x0000009000a00000)]
  0x000001dc49ed8a10 JavaThread "JMX server connection timeout 79" daemon [_thread_blocked, id=15032, stack(0x0000009003400000,0x0000009003500000)]
  0x000001dc49eda870 JavaThread "File Watcher" daemon [_thread_blocked, id=12060, stack(0x0000009000a00000,0x0000009000b00000)]
  0x000001dc49edb7a0 JavaThread "Catalina-utility-1" [_thread_blocked, id=16588, stack(0x0000009000f00000,0x0000009001000000)]
  0x000001dc49edb290 JavaThread "quartzScheduler_Worker-1" [_thread_blocked, id=15460, stack(0x0000009001900000,0x0000009001a00000)]
  0x000001dc49edcbe0 JavaThread "quartzScheduler_Worker-2" [_thread_blocked, id=13616, stack(0x0000009001a00000,0x0000009001b00000)]
  0x000001dc49edd0f0 JavaThread "quartzScheduler_Worker-3" [_thread_blocked, id=16060, stack(0x0000009001b00000,0x0000009001c00000)]
  0x000001dc49ed7ae0 JavaThread "quartzScheduler_Worker-4" [_thread_blocked, id=10084, stack(0x0000009001c00000,0x0000009001d00000)]
  0x000001dc49eddb10 JavaThread "quartzScheduler_Worker-5" [_thread_blocked, id=13712, stack(0x0000009001d00000,0x0000009001e00000)]
  0x000001dc49ede020 JavaThread "quartzScheduler_Worker-6" [_thread_blocked, id=8588, stack(0x0000009001e00000,0x0000009001f00000)]
  0x000001dc49ede530 JavaThread "quartzScheduler_Worker-7" [_thread_blocked, id=2740, stack(0x0000009001f00000,0x0000009002000000)]
  0x000001dc49edf460 JavaThread "quartzScheduler_Worker-8" [_thread_blocked, id=15280, stack(0x0000009002000000,0x0000009002100000)]
  0x000001dc49ed7ff0 JavaThread "quartzScheduler_Worker-9" [_thread_blocked, id=17160, stack(0x0000009002100000,0x0000009002200000)]
  0x000001dc499274a0 JavaThread "quartzScheduler_Worker-10" [_thread_blocked, id=17628, stack(0x0000009002300000,0x0000009002400000)]
  0x000001dc499279b0 JavaThread "configWatchTaskScheduler-1" [_thread_in_native, id=16600, stack(0x0000009002600000,0x0000009002700000)]
  0x000001dc4992a230 JavaThread "RMI TCP Connection(idle)" daemon [_thread_blocked, id=13232, stack(0x0000009003500000,0x0000009003600000)]
  0x000001dc4992d9e0 JavaThread "RMI TCP Connection(idle)" daemon [_thread_blocked, id=9256, stack(0x0000009003600000,0x0000009003700000)]
  0x000001dc4992a740 JavaThread "RMI TCP Connection(34)-127.0.0.1" daemon [_thread_in_native, id=5728, stack(0x0000009003900000,0x0000009003a00000)]
  0x000001dc4992cfc0 JavaThread "pool-5-thread-1" [_thread_in_native, id=16472, stack(0x0000009003a00000,0x0000009003b00000)]
  0x000001dc4992b160 JavaThread "Thread-9" [_thread_blocked, id=11240, stack(0x0000009000300000,0x0000009000400000)]

Other Threads:
  0x000001dc7b719ec0 VMThread "VM Thread" [stack: 0x000000907f000000,0x000000907f100000] [id=14116]
  0x000001dc4691a6b0 WatcherThread [stack: 0x0000009000200000,0x0000009000300000] [id=14364]
  0x000001dc6813b510 GCTaskThread "GC Thread#0" [stack: 0x000000907eb00000,0x000000907ec00000] [id=10524]
  0x000001dc459a6040 GCTaskThread "GC Thread#1" [stack: 0x000000907fd00000,0x000000907fe00000] [id=8880]
=>0x000001dc459a6300 GCTaskThread "GC Thread#2" [stack: 0x000000907fe00000,0x000000907ff00000] [id=10648]
  0x000001dc472acbc0 GCTaskThread "GC Thread#3" [stack: 0x0000009000700000,0x0000009000800000] [id=11456]
  0x000001dc6814cfc0 ConcurrentGCThread "G1 Main Marker" [stack: 0x000000907ec00000,0x000000907ed00000] [id=12644]
  0x000001dc6814e080 ConcurrentGCThread "G1 Conc#0" [stack: 0x000000907ed00000,0x000000907ee00000] [id=13192]
  0x000001dc6818dfd0 ConcurrentGCThread "G1 Refine#0" [stack: 0x000000907ee00000,0x000000907ef00000] [id=18204]
  0x000001dc47c81040 ConcurrentGCThread "G1 Refine#1" [stack: 0x0000009001200000,0x0000009001300000] [id=11308]
  0x000001dc6818ea50 ConcurrentGCThread "G1 Service" [stack: 0x000000907ef00000,0x000000907f000000] [id=16524]

Threads with active compile tasks:

VM state: at safepoint (normal execution)

VM Mutex/Monitor currently owned by a thread:  ([mutex/lock_event])
[0x000001dc680df110] Threads_lock - owner thread: 0x000001dc7b719ec0
[0x000001dc680deed0] Heap_lock - owner thread: 0x000001dc4992b160

Heap address: 0x0000000081e00000, size: 2018 MB, Compressed Oops mode: 32-bit

CDS archive(s) mapped at: [0x000001dc00000000-0x000001dc00bd0000-0x000001dc00bd0000), size 12386304, SharedBaseAddress: 0x000001dc00000000, ArchiveRelocationMode: 1.
Compressed class space mapped at: 0x000001dc01000000-0x000001dc41000000, reserved size: 1073741824
Narrow klass base: 0x000001dc00000000, Narrow klass shift: 0, Narrow klass range: 0x100000000

GC Precious Log:
 CPUs: 4 total, 4 available
 Memory: 8071M
 Large Page Support: Disabled
 NUMA Support: Disabled
 Compressed Oops: Enabled (32-bit)
 Heap Region Size: 1M
 Heap Min Capacity: 8M
 Heap Initial Capacity: 128M
 Heap Max Capacity: 2018M
 Pre-touch: Disabled
 Parallel Workers: 4
 Concurrent Workers: 1
 Concurrent Refinement Workers: 4
 Periodic GC: Disabled

Heap:
 garbage-first heap   total 160768K, used 120606K [0x0000000081e00000, 0x0000000100000000)
  region size 1024K, 38 young (38912K), 3 survivors (3072K)
 Metaspace       used 70822K, committed 71424K, reserved 1114112K
  class space    used 10334K, committed 10624K, reserved 1048576K

Heap Regions: E=young(eden), S=young(survivor), O=old, HS=humongous(starts), HC=humongous(continues), CS=collection set, F=free, OA=open archive, CA=closed archive, TAMS=top-at-mark-start (previous, next)
|   0|0x0000000081e00000, 0x0000000081f00000, 0x0000000081f00000|100%|HS|  |TAMS 0x0000000081f00000, 0x0000000081e00000| Complete 
|   1|0x0000000081f00000, 0x0000000082000000, 0x0000000082000000|100%| O|  |TAMS 0x0000000082000000, 0x0000000081f00000| Untracked 
|   2|0x0000000082000000, 0x0000000082100000, 0x0000000082100000|100%|HS|  |TAMS 0x0000000082100000, 0x0000000082000000| Complete 
|   3|0x0000000082100000, 0x00000000821fffd8, 0x0000000082200000| 99%| O|  |TAMS 0x00000000821fffd8, 0x0000000082100000| Untracked 
|   4|0x0000000082200000, 0x0000000082300000, 0x0000000082300000|100%| O|  |TAMS 0x0000000082300000, 0x0000000082200000| Untracked 
|   5|0x0000000082300000, 0x0000000082400000, 0x0000000082400000|100%| O|  |TAMS 0x0000000082400000, 0x0000000082300000| Untracked 
|   6|0x0000000082400000, 0x0000000082500000, 0x0000000082500000|100%| O|  |TAMS 0x0000000082500000, 0x0000000082400000| Untracked 
|   7|0x0000000082500000, 0x0000000082600000, 0x0000000082600000|100%| O|  |TAMS 0x0000000082600000, 0x0000000082500000| Untracked 
|   8|0x0000000082600000, 0x00000000826e8d18, 0x0000000082700000| 90%| O|  |TAMS 0x00000000826e8d18, 0x0000000082600000| Untracked 
|   9|0x0000000082700000, 0x0000000082800000, 0x0000000082800000|100%| O|  |TAMS 0x0000000082800000, 0x0000000082700000| Untracked 
|  10|0x0000000082800000, 0x00000000828f9f90, 0x0000000082900000| 97%| O|  |TAMS 0x00000000828f9f90, 0x0000000082800000| Untracked 
|  11|0x0000000082900000, 0x0000000082a00000, 0x0000000082a00000|100%| O|  |TAMS 0x0000000082a00000, 0x0000000082900000| Untracked 
|  12|0x0000000082a00000, 0x0000000082b00000, 0x0000000082b00000|100%| O|  |TAMS 0x0000000082b00000, 0x0000000082a00000| Untracked 
|  13|0x0000000082b00000, 0x0000000082be1cf0, 0x0000000082c00000| 88%| O|  |TAMS 0x0000000082be1cf0, 0x0000000082b00000| Untracked 
|  14|0x0000000082c00000, 0x0000000082cfc568, 0x0000000082d00000| 98%| O|  |TAMS 0x0000000082cfc568, 0x0000000082c00000| Untracked 
|  15|0x0000000082d00000, 0x0000000082e00000, 0x0000000082e00000|100%|HS|  |TAMS 0x0000000082e00000, 0x0000000082d00000| Complete 
|  16|0x0000000082e00000, 0x0000000082f00000, 0x0000000082f00000|100%| O|  |TAMS 0x0000000082f00000, 0x0000000082e00000| Untracked 
|  17|0x0000000082f00000, 0x0000000083000000, 0x0000000083000000|100%| O|  |TAMS 0x0000000083000000, 0x0000000082f00000| Untracked 
|  18|0x0000000083000000, 0x0000000083100000, 0x0000000083100000|100%| O|  |TAMS 0x0000000083100000, 0x0000000083000000| Untracked 
|  19|0x0000000083100000, 0x0000000083200000, 0x0000000083200000|100%| O|  |TAMS 0x0000000083200000, 0x0000000083100000| Untracked 
|  20|0x0000000083200000, 0x00000000832fa908, 0x0000000083300000| 97%| O|  |TAMS 0x00000000832fa908, 0x0000000083200000| Untracked 
|  21|0x0000000083300000, 0x0000000083400000, 0x0000000083400000|100%| O|  |TAMS 0x0000000083400000, 0x0000000083300000| Untracked 
|  22|0x0000000083400000, 0x0000000083500000, 0x0000000083500000|100%| O|  |TAMS 0x0000000083500000, 0x0000000083400000| Untracked 
|  23|0x0000000083500000, 0x0000000083600000, 0x0000000083600000|100%| O|  |TAMS 0x0000000083600000, 0x0000000083500000| Untracked 
|  24|0x0000000083600000, 0x00000000836f3e48, 0x0000000083700000| 95%| O|  |TAMS 0x00000000836f3e48, 0x0000000083600000| Untracked 
|  25|0x0000000083700000, 0x00000000837c6d60, 0x0000000083800000| 77%| O|  |TAMS 0x00000000837c6d60, 0x0000000083700000| Untracked 
|  26|0x0000000083800000, 0x00000000838f3c18, 0x0000000083900000| 95%| O|  |TAMS 0x00000000838f3c18, 0x0000000083800000| Untracked 
|  27|0x0000000083900000, 0x00000000839fff70, 0x0000000083a00000| 99%| O|  |TAMS 0x00000000839fff70, 0x0000000083900000| Untracked 
|  28|0x0000000083a00000, 0x0000000083affff8, 0x0000000083b00000| 99%| O|  |TAMS 0x0000000083affff8, 0x0000000083a00000| Untracked 
|  29|0x0000000083b00000, 0x0000000083c00000, 0x0000000083c00000|100%| O|  |TAMS 0x0000000083c00000, 0x0000000083b00000| Untracked 
|  30|0x0000000083c00000, 0x0000000083d00000, 0x0000000083d00000|100%| O|  |TAMS 0x0000000083d00000, 0x0000000083c00000| Untracked 
|  31|0x0000000083d00000, 0x0000000083dfeed0, 0x0000000083e00000| 99%| O|  |TAMS 0x0000000083dfeed0, 0x0000000083d00000| Untracked 
|  32|0x0000000083e00000, 0x0000000083effec0, 0x0000000083f00000| 99%| O|  |TAMS 0x0000000083effec0, 0x0000000083e00000| Untracked 
|  33|0x0000000083f00000, 0x0000000083fffff8, 0x0000000084000000| 99%| O|  |TAMS 0x0000000083fffff8, 0x0000000083f00000| Untracked 
|  34|0x0000000084000000, 0x00000000840ffff8, 0x0000000084100000| 99%| O|  |TAMS 0x00000000840ffff8, 0x0000000084000000| Untracked 
|  35|0x0000000084100000, 0x00000000841ffff0, 0x0000000084200000| 99%| O|  |TAMS 0x00000000841ffff0, 0x0000000084100000| Untracked 
|  36|0x0000000084200000, 0x00000000842ffff8, 0x0000000084300000| 99%| O|  |TAMS 0x00000000842ffff8, 0x0000000084200000| Untracked 
|  37|0x0000000084300000, 0x00000000843fffb8, 0x0000000084400000| 99%| O|  |TAMS 0x00000000843fffb8, 0x0000000084300000| Untracked 
|  38|0x0000000084400000, 0x0000000084500000, 0x0000000084500000|100%| O|  |TAMS 0x0000000084500000, 0x0000000084400000| Untracked 
|  39|0x0000000084500000, 0x00000000845ffff8, 0x0000000084600000| 99%| O|  |TAMS 0x00000000845ffff8, 0x0000000084500000| Untracked 
|  40|0x0000000084600000, 0x00000000846fff98, 0x0000000084700000| 99%| O|  |TAMS 0x00000000846fff98, 0x0000000084600000| Untracked 
|  41|0x0000000084700000, 0x00000000847ffff8, 0x0000000084800000| 99%| O|  |TAMS 0x00000000847ffff8, 0x0000000084700000| Untracked 
|  42|0x0000000084800000, 0x00000000848fff98, 0x0000000084900000| 99%| O|  |TAMS 0x00000000848fff98, 0x0000000084800000| Untracked 
|  43|0x0000000084900000, 0x0000000084a00000, 0x0000000084a00000|100%| O|  |TAMS 0x0000000084a00000, 0x0000000084900000| Untracked 
|  44|0x0000000084a00000, 0x0000000084b00000, 0x0000000084b00000|100%| O|  |TAMS 0x0000000084b00000, 0x0000000084a00000| Untracked 
|  45|0x0000000084b00000, 0x0000000084bfffe0, 0x0000000084c00000| 99%| O|  |TAMS 0x0000000084bfffe0, 0x0000000084b00000| Untracked 
|  46|0x0000000084c00000, 0x0000000084cfffe0, 0x0000000084d00000| 99%| O|  |TAMS 0x0000000084cfffe0, 0x0000000084c00000| Untracked 
|  47|0x0000000084d00000, 0x0000000084dfffd8, 0x0000000084e00000| 99%| O|  |TAMS 0x0000000084dfffd8, 0x0000000084d00000| Untracked 
|  48|0x0000000084e00000, 0x0000000084effff8, 0x0000000084f00000| 99%| O|  |TAMS 0x0000000084effff8, 0x0000000084e00000| Untracked 
|  49|0x0000000084f00000, 0x0000000084fffff8, 0x0000000085000000| 99%| O|  |TAMS 0x0000000084fffff8, 0x0000000084f00000| Untracked 
|  50|0x0000000085000000, 0x00000000850ffff0, 0x0000000085100000| 99%| O|  |TAMS 0x00000000850ffff0, 0x0000000085000000| Untracked 
|  51|0x0000000085100000, 0x0000000085200000, 0x0000000085200000|100%| O|  |TAMS 0x0000000085200000, 0x0000000085100000| Untracked 
|  52|0x0000000085200000, 0x0000000085300000, 0x0000000085300000|100%| O|  |TAMS 0x0000000085300000, 0x0000000085200000| Untracked 
|  53|0x0000000085300000, 0x00000000853fffe8, 0x0000000085400000| 99%| O|  |TAMS 0x00000000853fffe8, 0x0000000085300000| Untracked 
|  54|0x0000000085400000, 0x00000000854fffc0, 0x0000000085500000| 99%| O|  |TAMS 0x00000000854fffc0, 0x0000000085400000| Untracked 
|  55|0x0000000085500000, 0x00000000855ffff8, 0x0000000085600000| 99%| O|  |TAMS 0x00000000855ffff8, 0x0000000085500000| Untracked 
|  56|0x0000000085600000, 0x0000000085700000, 0x0000000085700000|100%| O|  |TAMS 0x0000000085700000, 0x0000000085600000| Untracked 
|  57|0x0000000085700000, 0x00000000857cca98, 0x0000000085800000| 79%| O|  |TAMS 0x00000000857cca98, 0x0000000085700000| Untracked 
|  58|0x0000000085800000, 0x00000000858ffff0, 0x0000000085900000| 99%| O|  |TAMS 0x00000000858ffff0, 0x0000000085800000| Untracked 
|  59|0x0000000085900000, 0x00000000859ffff8, 0x0000000085a00000| 99%| O|  |TAMS 0x00000000859ffff8, 0x0000000085900000| Untracked 
|  60|0x0000000085a00000, 0x0000000085afffc8, 0x0000000085b00000| 99%| O|  |TAMS 0x0000000085afffc8, 0x0000000085a00000| Untracked 
|  61|0x0000000085b00000, 0x0000000085c00000, 0x0000000085c00000|100%| O|  |TAMS 0x0000000085c00000, 0x0000000085b00000| Untracked 
|  62|0x0000000085c00000, 0x0000000085c540d0, 0x0000000085d00000| 32%| O|  |TAMS 0x0000000085c540d0, 0x0000000085c00000| Untracked 
|  63|0x0000000085d00000, 0x0000000085d20110, 0x0000000085e00000| 12%| O|  |TAMS 0x0000000085d20110, 0x0000000085d00000| Untracked 
|  64|0x0000000085e00000, 0x0000000085f00000, 0x0000000085f00000|100%| O|  |TAMS 0x0000000085f00000, 0x0000000085e00000| Untracked 
|  65|0x0000000085f00000, 0x0000000086000000, 0x0000000086000000|100%| O|  |TAMS 0x0000000086000000, 0x0000000085f00000| Untracked 
|  66|0x0000000086000000, 0x0000000086100000, 0x0000000086100000|100%| O|  |TAMS 0x0000000086100000, 0x0000000086000000| Untracked 
|  67|0x0000000086100000, 0x0000000086200000, 0x0000000086200000|100%| O|  |TAMS 0x0000000086200000, 0x0000000086100000| Untracked 
|  68|0x0000000086200000, 0x0000000086300000, 0x0000000086300000|100%| O|  |TAMS 0x0000000086300000, 0x0000000086200000| Untracked 
|  69|0x0000000086300000, 0x0000000086400000, 0x0000000086400000|100%| O|  |TAMS 0x0000000086400000, 0x0000000086300000| Untracked 
|  70|0x0000000086400000, 0x0000000086500000, 0x0000000086500000|100%| O|  |TAMS 0x0000000086500000, 0x0000000086400000| Untracked 
|  71|0x0000000086500000, 0x0000000086600000, 0x0000000086600000|100%| O|  |TAMS 0x0000000086600000, 0x0000000086500000| Untracked 
|  72|0x0000000086600000, 0x0000000086700000, 0x0000000086700000|100%| O|  |TAMS 0x0000000086700000, 0x0000000086600000| Untracked 
|  73|0x0000000086700000, 0x0000000086800000, 0x0000000086800000|100%| O|  |TAMS 0x0000000086800000, 0x0000000086700000| Untracked 
|  74|0x0000000086800000, 0x0000000086900000, 0x0000000086900000|100%| O|  |TAMS 0x00000000868aea00, 0x0000000086800000| Untracked 
|  75|0x0000000086900000, 0x0000000086a00000, 0x0000000086a00000|100%| O|  |TAMS 0x0000000086900000, 0x0000000086900000| Untracked 
|  76|0x0000000086a00000, 0x0000000086b00000, 0x0000000086b00000|100%| O|  |TAMS 0x0000000086a00000, 0x0000000086a00000| Untracked 
|  77|0x0000000086b00000, 0x0000000086c00000, 0x0000000086c00000|100%| O|  |TAMS 0x0000000086b00000, 0x0000000086b00000| Untracked 
|  78|0x0000000086c00000, 0x0000000086d00000, 0x0000000086d00000|100%| O|  |TAMS 0x0000000086c00000, 0x0000000086c00000| Untracked 
|  79|0x0000000086d00000, 0x0000000086e00000, 0x0000000086e00000|100%| O|  |TAMS 0x0000000086d00000, 0x0000000086d00000| Untracked 
|  80|0x0000000086e00000, 0x0000000086f00000, 0x0000000086f00000|100%| O|  |TAMS 0x0000000086e00000, 0x0000000086e00000| Untracked 
|  81|0x0000000086f00000, 0x0000000087000000, 0x0000000087000000|100%| O|  |TAMS 0x0000000086f00000, 0x0000000086f00000| Untracked 
|  82|0x0000000087000000, 0x0000000087100000, 0x0000000087100000|100%| O|  |TAMS 0x0000000087000000, 0x0000000087000000| Untracked 
|  83|0x0000000087100000, 0x0000000087166800, 0x0000000087200000| 40%| O|  |TAMS 0x0000000087100000, 0x0000000087100000| Untracked 
|  84|0x0000000087200000, 0x0000000087200000, 0x0000000087300000|  0%| F|  |TAMS 0x0000000087200000, 0x0000000087200000| Untracked 
|  85|0x0000000087300000, 0x0000000087300000, 0x0000000087400000|  0%| F|  |TAMS 0x0000000087300000, 0x0000000087300000| Untracked 
|  86|0x0000000087400000, 0x0000000087400000, 0x0000000087500000|  0%| F|  |TAMS 0x0000000087400000, 0x0000000087400000| Untracked 
|  87|0x0000000087500000, 0x0000000087500000, 0x0000000087600000|  0%| F|  |TAMS 0x0000000087500000, 0x0000000087500000| Untracked 
|  88|0x0000000087600000, 0x0000000087600000, 0x0000000087700000|  0%| F|  |TAMS 0x0000000087600000, 0x0000000087600000| Untracked 
|  89|0x0000000087700000, 0x0000000087700000, 0x0000000087800000|  0%| F|  |TAMS 0x0000000087700000, 0x0000000087700000| Untracked 
|  90|0x0000000087800000, 0x0000000087800000, 0x0000000087900000|  0%| F|  |TAMS 0x0000000087800000, 0x0000000087800000| Untracked 
|  91|0x0000000087900000, 0x0000000087900000, 0x0000000087a00000|  0%| F|  |TAMS 0x0000000087900000, 0x0000000087900000| Untracked 
|  92|0x0000000087a00000, 0x0000000087a00000, 0x0000000087b00000|  0%| F|  |TAMS 0x0000000087a00000, 0x0000000087a00000| Untracked 
|  93|0x0000000087b00000, 0x0000000087b00000, 0x0000000087c00000|  0%| F|  |TAMS 0x0000000087b00000, 0x0000000087b00000| Untracked 
|  94|0x0000000087c00000, 0x0000000087c00000, 0x0000000087d00000|  0%| F|  |TAMS 0x0000000087c00000, 0x0000000087c00000| Untracked 
|  95|0x0000000087d00000, 0x0000000087d00000, 0x0000000087e00000|  0%| F|  |TAMS 0x0000000087d00000, 0x0000000087d00000| Untracked 
|  96|0x0000000087e00000, 0x0000000087e00000, 0x0000000087f00000|  0%| F|  |TAMS 0x0000000087e00000, 0x0000000087e00000| Untracked 
|  97|0x0000000087f00000, 0x0000000087f00000, 0x0000000088000000|  0%| F|  |TAMS 0x0000000087f00000, 0x0000000087f00000| Untracked 
|  98|0x0000000088000000, 0x0000000088000000, 0x0000000088100000|  0%| F|  |TAMS 0x0000000088000000, 0x0000000088000000| Untracked 
|  99|0x0000000088100000, 0x0000000088100000, 0x0000000088200000|  0%| F|  |TAMS 0x0000000088100000, 0x0000000088100000| Untracked 
| 100|0x0000000088200000, 0x0000000088200000, 0x0000000088300000|  0%| F|  |TAMS 0x0000000088200000, 0x0000000088200000| Untracked 
| 101|0x0000000088300000, 0x0000000088300000, 0x0000000088400000|  0%| F|  |TAMS 0x0000000088300000, 0x0000000088300000| Untracked 
| 102|0x0000000088400000, 0x0000000088400000, 0x0000000088500000|  0%| F|  |TAMS 0x0000000088400000, 0x0000000088400000| Untracked 
| 103|0x0000000088500000, 0x0000000088500000, 0x0000000088600000|  0%| F|  |TAMS 0x0000000088500000, 0x0000000088500000| Untracked 
| 104|0x0000000088600000, 0x0000000088600000, 0x0000000088700000|  0%| F|  |TAMS 0x0000000088600000, 0x0000000088600000| Untracked 
| 105|0x0000000088700000, 0x0000000088700000, 0x0000000088800000|  0%| F|  |TAMS 0x0000000088700000, 0x0000000088700000| Untracked 
| 106|0x0000000088800000, 0x0000000088800000, 0x0000000088900000|  0%| F|  |TAMS 0x0000000088800000, 0x0000000088800000| Untracked 
| 107|0x0000000088900000, 0x0000000088900000, 0x0000000088a00000|  0%| F|  |TAMS 0x0000000088900000, 0x0000000088900000| Untracked 
| 108|0x0000000088a00000, 0x0000000088a00000, 0x0000000088b00000|  0%| F|  |TAMS 0x0000000088a00000, 0x0000000088a00000| Untracked 
| 109|0x0000000088b00000, 0x0000000088b00000, 0x0000000088c00000|  0%| F|  |TAMS 0x0000000088b00000, 0x0000000088b00000| Untracked 
| 110|0x0000000088c00000, 0x0000000088c00000, 0x0000000088d00000|  0%| F|  |TAMS 0x0000000088c00000, 0x0000000088c00000| Untracked 
| 111|0x0000000088d00000, 0x0000000088d00000, 0x0000000088e00000|  0%| F|  |TAMS 0x0000000088d00000, 0x0000000088d00000| Untracked 
| 112|0x0000000088e00000, 0x0000000088e00000, 0x0000000088f00000|  0%| F|  |TAMS 0x0000000088e00000, 0x0000000088e00000| Untracked 
| 113|0x0000000088f00000, 0x0000000088f00000, 0x0000000089000000|  0%| F|  |TAMS 0x0000000088f00000, 0x0000000088f00000| Untracked 
| 114|0x0000000089000000, 0x0000000089000000, 0x0000000089100000|  0%| F|  |TAMS 0x0000000089000000, 0x0000000089000000| Untracked 
| 115|0x0000000089100000, 0x00000000891b73e0, 0x0000000089200000| 71%| S|  |TAMS 0x0000000089100000, 0x0000000089100000| Complete 
| 116|0x0000000089200000, 0x0000000089300000, 0x0000000089300000|100%| S|  |TAMS 0x0000000089200000, 0x0000000089200000| Complete 
| 117|0x0000000089300000, 0x0000000089400000, 0x0000000089400000|100%| S|  |TAMS 0x0000000089300000, 0x0000000089300000| Complete 
| 118|0x0000000089400000, 0x0000000089400000, 0x0000000089500000|  0%| F|  |TAMS 0x0000000089400000, 0x0000000089400000| Untracked 
| 119|0x0000000089500000, 0x0000000089500000, 0x0000000089600000|  0%| F|  |TAMS 0x0000000089500000, 0x0000000089500000| Untracked 
| 120|0x0000000089600000, 0x0000000089600000, 0x0000000089700000|  0%| F|  |TAMS 0x0000000089600000, 0x0000000089600000| Untracked 
| 121|0x0000000089700000, 0x0000000089700000, 0x0000000089800000|  0%| F|  |TAMS 0x0000000089700000, 0x0000000089700000| Untracked 
| 122|0x0000000089800000, 0x0000000089800800, 0x0000000089900000|  0%| E|  |TAMS 0x0000000089800000, 0x0000000089800000| Complete 
| 123|0x0000000089900000, 0x0000000089a00000, 0x0000000089a00000|100%| E|  |TAMS 0x0000000089900000, 0x0000000089900000| Complete 
| 124|0x0000000089a00000, 0x0000000089b00000, 0x0000000089b00000|100%| E|  |TAMS 0x0000000089a00000, 0x0000000089a00000| Complete 
| 125|0x0000000089b00000, 0x0000000089c00000, 0x0000000089c00000|100%| E|  |TAMS 0x0000000089b00000, 0x0000000089b00000| Complete 
| 126|0x0000000089c00000, 0x0000000089d00000, 0x0000000089d00000|100%| E|  |TAMS 0x0000000089c00000, 0x0000000089c00000| Complete 
| 127|0x0000000089d00000, 0x0000000089e00000, 0x0000000089e00000|100%| E|  |TAMS 0x0000000089d00000, 0x0000000089d00000| Complete 
| 128|0x0000000089e00000, 0x0000000089f00000, 0x0000000089f00000|100%| E|  |TAMS 0x0000000089e00000, 0x0000000089e00000| Complete 
| 129|0x0000000089f00000, 0x000000008a000000, 0x000000008a000000|100%| E|  |TAMS 0x0000000089f00000, 0x0000000089f00000| Complete 
| 130|0x000000008a000000, 0x000000008a100000, 0x000000008a100000|100%| E|  |TAMS 0x000000008a000000, 0x000000008a000000| Complete 
| 131|0x000000008a100000, 0x000000008a200000, 0x000000008a200000|100%| E|  |TAMS 0x000000008a100000, 0x000000008a100000| Complete 
| 132|0x000000008a200000, 0x000000008a300000, 0x000000008a300000|100%| E|  |TAMS 0x000000008a200000, 0x000000008a200000| Complete 
| 133|0x000000008a300000, 0x000000008a400000, 0x000000008a400000|100%| E|  |TAMS 0x000000008a300000, 0x000000008a300000| Complete 
| 134|0x000000008a400000, 0x000000008a500000, 0x000000008a500000|100%| E|  |TAMS 0x000000008a400000, 0x000000008a400000| Complete 
| 135|0x000000008a500000, 0x000000008a600000, 0x000000008a600000|100%| E|  |TAMS 0x000000008a500000, 0x000000008a500000| Complete 
| 136|0x000000008a600000, 0x000000008a700000, 0x000000008a700000|100%| E|  |TAMS 0x000000008a600000, 0x000000008a600000| Complete 
| 137|0x000000008a700000, 0x000000008a800000, 0x000000008a800000|100%| E|  |TAMS 0x000000008a700000, 0x000000008a700000| Complete 
| 138|0x000000008a800000, 0x000000008a900000, 0x000000008a900000|100%| E|  |TAMS 0x000000008a800000, 0x000000008a800000| Complete 
| 139|0x000000008a900000, 0x000000008aa00000, 0x000000008aa00000|100%| E|  |TAMS 0x000000008a900000, 0x000000008a900000| Complete 
| 140|0x000000008aa00000, 0x000000008ab00000, 0x000000008ab00000|100%| E|  |TAMS 0x000000008aa00000, 0x000000008aa00000| Complete 
| 141|0x000000008ab00000, 0x000000008ac00000, 0x000000008ac00000|100%| E|  |TAMS 0x000000008ab00000, 0x000000008ab00000| Complete 
| 142|0x000000008ac00000, 0x000000008ad00000, 0x000000008ad00000|100%| E|  |TAMS 0x000000008ac00000, 0x000000008ac00000| Complete 
| 143|0x000000008ad00000, 0x000000008ae00000, 0x000000008ae00000|100%| E|  |TAMS 0x000000008ad00000, 0x000000008ad00000| Complete 
| 144|0x000000008ae00000, 0x000000008af00000, 0x000000008af00000|100%| E|  |TAMS 0x000000008ae00000, 0x000000008ae00000| Complete 
| 145|0x000000008af00000, 0x000000008b000000, 0x000000008b000000|100%| E|  |TAMS 0x000000008af00000, 0x000000008af00000| Complete 
| 146|0x000000008b000000, 0x000000008b100000, 0x000000008b100000|100%| E|  |TAMS 0x000000008b000000, 0x000000008b000000| Complete 
| 147|0x000000008b100000, 0x000000008b200000, 0x000000008b200000|100%| E|  |TAMS 0x000000008b100000, 0x000000008b100000| Complete 
| 148|0x000000008b200000, 0x000000008b300000, 0x000000008b300000|100%| E|  |TAMS 0x000000008b200000, 0x000000008b200000| Complete 
| 149|0x000000008b300000, 0x000000008b400000, 0x000000008b400000|100%| E|  |TAMS 0x000000008b300000, 0x000000008b300000| Complete 
| 150|0x000000008b400000, 0x000000008b500000, 0x000000008b500000|100%| E|  |TAMS 0x000000008b400000, 0x000000008b400000| Complete 
| 151|0x000000008b500000, 0x000000008b600000, 0x000000008b600000|100%| E|  |TAMS 0x000000008b500000, 0x000000008b500000| Complete 
| 152|0x000000008b600000, 0x000000008b700000, 0x000000008b700000|100%| E|  |TAMS 0x000000008b600000, 0x000000008b600000| Complete 
| 153|0x000000008b700000, 0x000000008b800000, 0x000000008b800000|100%| E|  |TAMS 0x000000008b700000, 0x000000008b700000| Complete 
| 154|0x000000008b800000, 0x000000008b900000, 0x000000008b900000|100%| E|  |TAMS 0x000000008b800000, 0x000000008b800000| Complete 
| 168|0x000000008c600000, 0x000000008c700000, 0x000000008c700000|100%| E|  |TAMS 0x000000008c600000, 0x000000008c600000| Complete 
| 169|0x000000008c700000, 0x000000008c800000, 0x000000008c800000|100%| E|  |TAMS 0x000000008c700000, 0x000000008c700000| Complete 

Card table byte_map: [0x000001dc749e0000,0x000001dc74de0000] _byte_map_base: 0x000001dc745d1000

Marking Bits (Prev, Next): (CMBitMap*) 0x000001dc6813ca50, (CMBitMap*) 0x000001dc6813ca90
 Prev Bits: [0x000001dc751e0000, 0x000001dc77168000)
 Next Bits: [0x000001dc77170000, 0x000001dc790f8000)

Polling page: 0x000001dc68190000

Metaspace:

Usage:
  Non-class:     59.07 MB used.
      Class:     10.09 MB used.
       Both:     69.16 MB used.

Virtual space:
  Non-class space:       64.00 MB reserved,      59.38 MB ( 93%) committed,  1 nodes.
      Class space:        1.00 GB reserved,      10.38 MB (  1%) committed,  1 nodes.
             Both:        1.06 GB reserved,      69.75 MB (  6%) committed. 

Chunk freelists:
   Non-Class:  4.50 MB
       Class:  5.50 MB
        Both:  10.00 MB

MaxMetaspaceSize: unlimited
CompressedClassSpaceSize: 1.00 GB
Initial GC threshold: 21.00 MB
Current GC threshold: 116.06 MB
CDS: on
MetaspaceReclaimPolicy: balanced
 - commit_granule_bytes: 65536.
 - commit_granule_words: 8192.
 - virtual_space_node_default_size: 8388608.
 - enlarge_chunks_in_place: 1.
 - new_chunks_are_fully_committed: 0.
 - uncommit_free_chunks: 1.
 - use_allocation_guard: 0.
 - handle_deallocations: 1.


Internal statistics:

num_allocs_failed_limit: 6.
num_arena_births: 1330.
num_arena_deaths: 492.
num_vsnodes_births: 2.
num_vsnodes_deaths: 0.
num_space_committed: 1116.
num_space_uncommitted: 0.
num_chunks_returned_to_freelist: 621.
num_chunks_taken_from_freelist: 4308.
num_chunk_merges: 183.
num_chunk_splits: 2669.
num_chunks_enlarged: 1898.
num_inconsistent_stats: 0.

CodeCache: size=49152Kb used=17219Kb max_used=18293Kb free=31932Kb
 bounds [0x000001dc71140000, 0x000001dc72320000, 0x000001dc74140000]
 total_blobs=10515 nmethods=9863 adapters=578
 compilation: enabled
              stopped_count=0, restarted_count=0
 full_count=0

Compilation events (20 events):
Event: 1143.697 Thread 0x000001dc7b73efe0 10059       1       javax.management.Notification::setSequenceNumber (6 bytes)
Event: 1143.697 Thread 0x000001dc7b73efe0 nmethod 10059 0x000001dc72243890 code [0x000001dc72243a20, 0x000001dc72243af8]
Event: 1143.697 Thread 0x000001dc7b73efe0 10056   !   1       org.springframework.beans.factory.support.DefaultSingletonBeanRegistry::removeSingleton (62 bytes)
Event: 1143.697 Thread 0x000001dc7b73efe0 nmethod 10056 0x000001dc72243290 code [0x000001dc72243460, 0x000001dc722436b8]
Event: 1143.698 Thread 0x000001dc7b73efe0 10057       1       org.springframework.beans.factory.support.DefaultListableBeanFactory::destroySingleton (15 bytes)
Event: 1143.698 Thread 0x000001dc7b73efe0 nmethod 10057 0x000001dc72242b90 code [0x000001dc72242d80, 0x000001dc72243058]
Event: 1143.700 Thread 0x000001dc7b73efe0 10060       1       java.util.concurrent.ConcurrentHashMap$BaseIterator::remove (37 bytes)
Event: 1143.701 Thread 0x000001dc7b73efe0 nmethod 10060 0x000001dc72242710 code [0x000001dc722428c0, 0x000001dc72242a98]
Event: 1143.701 Thread 0x000001dc7b73efe0 10061       1       org.springframework.beans.CachedIntrospectionResults$$Lambda$1924/0x000001dc0198b148::test (12 bytes)
Event: 1143.701 Thread 0x000001dc7b73efe0 nmethod 10061 0x000001dc72242290 code [0x000001dc72242440, 0x000001dc72242608]
Event: 1143.701 Thread 0x000001dc7b73efe0 10062       1       org.springframework.beans.CachedIntrospectionResults::lambda$clearClassLoader$1 (9 bytes)
Event: 1143.703 Thread 0x000001dc7b73efe0 nmethod 10062 0x000001dc72241b90 code [0x000001dc72241d60, 0x000001dc72242008]
Event: 1143.716 Thread 0x000001dc7b73efe0 10063       1       java.util.Date::getTime (5 bytes)
Event: 1143.717 Thread 0x000001dc7b73efe0 nmethod 10063 0x000001dc72241810 code [0x000001dc722419a0, 0x000001dc72241aa8]
Event: 1143.717 Thread 0x000001dc7b73efe0 10064       1       java.util.Date::getTimeImpl (27 bytes)
Event: 1143.717 Thread 0x000001dc7b73efe0 nmethod 10064 0x000001dc72241490 code [0x000001dc72241620, 0x000001dc72241728]
Event: 1143.720 Thread 0x000001dc7b73efe0 10065       1       org.springframework.context.support.AbstractApplicationContext::getApplicationEventMulticaster (26 bytes)
Event: 1143.720 Thread 0x000001dc7b73efe0 nmethod 10065 0x000001dc72241010 code [0x000001dc722411c0, 0x000001dc72241358]
Event: 1143.721 Thread 0x000001dc7b73efe0 10066       1       org.apache.catalina.ContainerEvent::getType (5 bytes)
Event: 1143.721 Thread 0x000001dc7b73efe0 nmethod 10066 0x000001dc72240d10 code [0x000001dc72240ea0, 0x000001dc72240f78]

GC Heap History (20 events):
Event: 1103.883 GC heap after
{Heap after GC invocations=25 (full 1):
 garbage-first heap   total 150528K, used 62117K [0x0000000081e00000, 0x0000000100000000)
  region size 1024K, 0 young (0K), 0 survivors (0K)
 Metaspace       used 69063K, committed 69696K, reserved 1114112K
  class space    used 10142K, committed 10432K, reserved 1048576K
}
Event: 1106.321 GC heap before
{Heap before GC invocations=25 (full 1):
 garbage-first heap   total 150528K, used 122533K [0x0000000081e00000, 0x0000000100000000)
  region size 1024K, 60 young (61440K), 0 survivors (0K)
 Metaspace       used 69149K, committed 69760K, reserved 1114112K
  class space    used 10153K, committed 10432K, reserved 1048576K
}
Event: 1106.328 GC heap after
{Heap after GC invocations=26 (full 1):
 garbage-first heap   total 150528K, used 66731K [0x0000000081e00000, 0x0000000100000000)
  region size 1024K, 5 young (5120K), 5 survivors (5120K)
 Metaspace       used 69149K, committed 69760K, reserved 1114112K
  class space    used 10153K, committed 10432K, reserved 1048576K
}
Event: 1108.514 GC heap before
{Heap before GC invocations=26 (full 1):
 garbage-first heap   total 150528K, used 124075K [0x0000000081e00000, 0x0000000100000000)
  region size 1024K, 60 young (61440K), 5 survivors (5120K)
 Metaspace       used 69368K, committed 69952K, reserved 1114112K
  class space    used 10176K, committed 10432K, reserved 1048576K
}
Event: 1108.526 GC heap after
{Heap after GC invocations=27 (full 1):
 garbage-first heap   total 150528K, used 69896K [0x0000000081e00000, 0x0000000100000000)
  region size 1024K, 4 young (4096K), 4 survivors (4096K)
 Metaspace       used 69368K, committed 69952K, reserved 1114112K
  class space    used 10176K, committed 10432K, reserved 1048576K
}
Event: 1116.693 GC heap before
{Heap before GC invocations=27 (full 1):
 garbage-first heap   total 150528K, used 122120K [0x0000000081e00000, 0x0000000100000000)
  region size 1024K, 55 young (56320K), 4 survivors (4096K)
 Metaspace       used 70028K, committed 70656K, reserved 1114112K
  class space    used 10254K, committed 10560K, reserved 1048576K
}
Event: 1116.708 GC heap after
{Heap after GC invocations=28 (full 1):
 garbage-first heap   total 150528K, used 72229K [0x0000000081e00000, 0x0000000100000000)
  region size 1024K, 6 young (6144K), 6 survivors (6144K)
 Metaspace       used 70028K, committed 70656K, reserved 1114112K
  class space    used 10254K, committed 10560K, reserved 1048576K
}
Event: 1119.506 GC heap before
{Heap before GC invocations=29 (full 1):
 garbage-first heap   total 150528K, used 120357K [0x0000000081e00000, 0x0000000100000000)
  region size 1024K, 54 young (55296K), 6 survivors (6144K)
 Metaspace       used 70056K, committed 70720K, reserved 1114112K
  class space    used 10254K, committed 10560K, reserved 1048576K
}
Event: 1119.518 GC heap after
{Heap after GC invocations=30 (full 1):
 garbage-first heap   total 150528K, used 74714K [0x0000000081e00000, 0x0000000100000000)
  region size 1024K, 6 young (6144K), 6 survivors (6144K)
 Metaspace       used 70056K, committed 70720K, reserved 1114112K
  class space    used 10254K, committed 10560K, reserved 1048576K
}
Event: 1120.797 GC heap before
{Heap before GC invocations=30 (full 1):
 garbage-first heap   total 150528K, used 122842K [0x0000000081e00000, 0x0000000100000000)
  region size 1024K, 53 young (54272K), 6 survivors (6144K)
 Metaspace       used 70269K, committed 70848K, reserved 1114112K
  class space    used 10275K, committed 10560K, reserved 1048576K
}
Event: 1120.823 GC heap after
{Heap after GC invocations=31 (full 1):
 garbage-first heap   total 150528K, used 76627K [0x0000000081e00000, 0x0000000100000000)
  region size 1024K, 6 young (6144K), 6 survivors (6144K)
 Metaspace       used 70269K, committed 70848K, reserved 1114112K
  class space    used 10275K, committed 10560K, reserved 1048576K
}
Event: 1121.451 GC heap before
{Heap before GC invocations=32 (full 1):
 garbage-first heap   total 150528K, used 83795K [0x0000000081e00000, 0x0000000100000000)
  region size 1024K, 14 young (14336K), 6 survivors (6144K)
 Metaspace       used 70284K, committed 70912K, reserved 1114112K
  class space    used 10278K, committed 10560K, reserved 1048576K
}
Event: 1121.462 GC heap after
{Heap after GC invocations=33 (full 1):
 garbage-first heap   total 150528K, used 77929K [0x0000000081e00000, 0x0000000100000000)
  region size 1024K, 4 young (4096K), 4 survivors (4096K)
 Metaspace       used 70284K, committed 70912K, reserved 1114112K
  class space    used 10278K, committed 10560K, reserved 1048576K
}
Event: 1122.572 GC heap before
{Heap before GC invocations=34 (full 1):
 garbage-first heap   total 150528K, used 125033K [0x0000000081e00000, 0x0000000100000000)
  region size 1024K, 49 young (50176K), 4 survivors (4096K)
 Metaspace       used 70587K, committed 71168K, reserved 1114112K
  class space    used 10301K, committed 10560K, reserved 1048576K
}
Event: 1122.583 GC heap after
{Heap after GC invocations=35 (full 1):
 garbage-first heap   total 150528K, used 79958K [0x0000000081e00000, 0x0000000100000000)
  region size 1024K, 6 young (6144K), 6 survivors (6144K)
 Metaspace       used 70587K, committed 71168K, reserved 1114112K
  class space    used 10301K, committed 10560K, reserved 1048576K
}
Event: 1123.098 GC heap before
{Heap before GC invocations=35 (full 1):
 garbage-first heap   total 150528K, used 122966K [0x0000000081e00000, 0x0000000100000000)
  region size 1024K, 48 young (49152K), 6 survivors (6144K)
 Metaspace       used 70668K, committed 71296K, reserved 1114112K
  class space    used 10308K, committed 10624K, reserved 1048576K
}
Event: 1123.111 GC heap after
{Heap after GC invocations=36 (full 1):
 garbage-first heap   total 150528K, used 83285K [0x0000000081e00000, 0x0000000100000000)
  region size 1024K, 4 young (4096K), 4 survivors (4096K)
 Metaspace       used 70668K, committed 71296K, reserved 1114112K
  class space    used 10308K, committed 10624K, reserved 1048576K
}
Event: 1123.968 GC heap before
{Heap before GC invocations=37 (full 1):
 garbage-first heap   total 160768K, used 123221K [0x0000000081e00000, 0x0000000100000000)
  region size 1024K, 43 young (44032K), 4 survivors (4096K)
 Metaspace       used 70675K, committed 71296K, reserved 1114112K
  class space    used 10311K, committed 10624K, reserved 1048576K
}
Event: 1123.980 GC heap after
{Heap after GC invocations=38 (full 1):
 garbage-first heap   total 160768K, used 85788K [0x0000000081e00000, 0x0000000100000000)
  region size 1024K, 3 young (3072K), 3 survivors (3072K)
 Metaspace       used 70675K, committed 71296K, reserved 1114112K
  class space    used 10311K, committed 10624K, reserved 1048576K
}
Event: 1143.724 GC heap before
{Heap before GC invocations=38 (full 1):
 garbage-first heap   total 160768K, used 120604K [0x0000000081e00000, 0x0000000100000000)
  region size 1024K, 38 young (38912K), 3 survivors (3072K)
 Metaspace       used 70822K, committed 71424K, reserved 1114112K
  class space    used 10334K, committed 10624K, reserved 1048576K
}

Deoptimization events (8 events):
Event: 4.729 Thread 0x000001dc46c13d10 DEOPT PACKING pc=0x000001dc71376e9c sp=0x00000090009f8fb0
Event: 4.729 Thread 0x000001dc46c13d10 DEOPT UNPACKING pc=0x000001dc71192b43 sp=0x00000090009f8478 mode 0
Event: 13.913 Thread 0x000001dc46c13d10 DEOPT PACKING pc=0x000001dc71bd732c sp=0x00000090009fa9f0
Event: 13.913 Thread 0x000001dc46c13d10 DEOPT UNPACKING pc=0x000001dc71192b43 sp=0x00000090009f9f48 mode 0
Event: 17.661 Thread 0x000001dc46c13d10 DEOPT PACKING pc=0x000001dc71d8651c sp=0x00000090009fc120
Event: 17.661 Thread 0x000001dc46c13d10 DEOPT UNPACKING pc=0x000001dc71192b43 sp=0x00000090009fb6b0 mode 0
Event: 20.372 Thread 0x000001dc49ed8f20 DEOPT PACKING pc=0x000001dc71ebf794 sp=0x00000090009fc2e0
Event: 20.372 Thread 0x000001dc49ed8f20 DEOPT UNPACKING pc=0x000001dc71192b43 sp=0x00000090009fb790 mode 0

Classes unloaded (20 events):
Event: 1116.896 Thread 0x000001dc7b719ec0 Unloading class 0x000001dc019a9800 'java/lang/invoke/LambdaForm$MH+0x000001dc019a9800'
Event: 1116.896 Thread 0x000001dc7b719ec0 Unloading class 0x000001dc019b8c00 'java/lang/invoke/LambdaForm$MH+0x000001dc019b8c00'
Event: 1116.896 Thread 0x000001dc7b719ec0 Unloading class 0x000001dc019c2000 'java/lang/invoke/LambdaForm$MH+0x000001dc019c2000'
Event: 1116.896 Thread 0x000001dc7b719ec0 Unloading class 0x000001dc019c5400 'java/lang/invoke/LambdaForm$MH+0x000001dc019c5400'
Event: 1116.896 Thread 0x000001dc7b719ec0 Unloading class 0x000001dc019c5c00 'java/lang/invoke/LambdaForm$MH+0x000001dc019c5c00'
Event: 1116.896 Thread 0x000001dc7b719ec0 Unloading class 0x000001dc016f8800 'java/lang/invoke/LambdaForm$MH+0x000001dc016f8800'
Event: 1116.896 Thread 0x000001dc7b719ec0 Unloading class 0x000001dc01621000 'java/lang/invoke/LambdaForm$MH+0x000001dc01621000'
Event: 1116.897 Thread 0x000001dc7b719ec0 Unloading class 0x000001dc015e2c00 'java/lang/invoke/LambdaForm$MH+0x000001dc015e2c00'
Event: 1116.897 Thread 0x000001dc7b719ec0 Unloading class 0x000001dc01506000 'java/lang/invoke/LambdaForm$MH+0x000001dc01506000'
Event: 1116.897 Thread 0x000001dc7b719ec0 Unloading class 0x000001dc01505000 'java/lang/invoke/LambdaForm$MH+0x000001dc01505000'
Event: 1116.897 Thread 0x000001dc7b719ec0 Unloading class 0x000001dc014fb400 'java/lang/invoke/LambdaForm$MH+0x000001dc014fb400'
Event: 1116.897 Thread 0x000001dc7b719ec0 Unloading class 0x000001dc014f9000 'java/lang/invoke/LambdaForm$MH+0x000001dc014f9000'
Event: 1116.897 Thread 0x000001dc7b719ec0 Unloading class 0x000001dc014f8800 'java/lang/invoke/LambdaForm$MH+0x000001dc014f8800'
Event: 1116.897 Thread 0x000001dc7b719ec0 Unloading class 0x000001dc014f8000 'java/lang/invoke/LambdaForm$MH+0x000001dc014f8000'
Event: 1116.897 Thread 0x000001dc7b719ec0 Unloading class 0x000001dc014f7400 'java/lang/invoke/LambdaForm$MH+0x000001dc014f7400'
Event: 1116.897 Thread 0x000001dc7b719ec0 Unloading class 0x000001dc013b0000 'jdk/internal/reflect/GeneratedMethodAccessor66'
Event: 1116.897 Thread 0x000001dc7b719ec0 Unloading class 0x000001dc013a9800 'jdk/internal/reflect/GeneratedMethodAccessor65'
Event: 1116.897 Thread 0x000001dc7b719ec0 Unloading class 0x000001dc01380400 'jdk/internal/reflect/GeneratedSerializationConstructorAccessor38'
Event: 1116.897 Thread 0x000001dc7b719ec0 Unloading class 0x000001dc0127c000 'jdk/internal/reflect/GeneratedSerializationConstructorAccessor37'
Event: 1116.897 Thread 0x000001dc7b719ec0 Unloading class 0x000001dc01a01400 'jdk/internal/reflect/GeneratedSerializationConstructorAccessor36'

Classes redefined (0 events):
No events

Internal exceptions (20 events):
Event: 1121.837 Thread 0x000001dc49ed9e50 Exception <a 'sun/nio/fs/WindowsException'{0x0000000089d3a980}> (0x0000000089d3a980) 
thrown [s\open\src\hotspot\share\prims\jni.cpp, line 516]
Event: 1121.838 Thread 0x000001dc49ed9e50 Exception <a 'sun/nio/fs/WindowsException'{0x0000000089d4a840}> (0x0000000089d4a840) 
thrown [s\open\src\hotspot\share\prims\jni.cpp, line 516]
Event: 1121.838 Thread 0x000001dc49ed9e50 Exception <a 'sun/nio/fs/WindowsException'{0x0000000089d4a970}> (0x0000000089d4a970) 
thrown [s\open\src\hotspot\share\prims\jni.cpp, line 516]
Event: 1121.841 Thread 0x000001dc49ed9e50 Exception <a 'sun/nio/fs/WindowsException'{0x0000000089d5b4b8}> (0x0000000089d5b4b8) 
thrown [s\open\src\hotspot\share\prims\jni.cpp, line 516]
Event: 1121.842 Thread 0x000001dc49ed9e50 Exception <a 'sun/nio/fs/WindowsException'{0x0000000089d5b5e8}> (0x0000000089d5b5e8) 
thrown [s\open\src\hotspot\share\prims\jni.cpp, line 516]
Event: 1121.843 Thread 0x000001dc49edad80 Exception <a 'java/lang/reflect/InvocationTargetException'{0x0000000089db7548}> (0x0000000089db7548) 
thrown [s\open\src\hotspot\share\runtime\reflection.cpp, line 1121]
Event: 1121.847 Thread 0x000001dc49ed8500 Exception <a 'java/lang/reflect/InvocationTargetException'{0x0000000089d8e208}> (0x0000000089d8e208) 
thrown [s\open\src\hotspot\share\runtime\reflection.cpp, line 1121]
Event: 1121.879 Thread 0x000001dc49ed9e50 Exception <a 'sun/nio/fs/WindowsException'{0x0000000089b719e8}> (0x0000000089b719e8) 
thrown [s\open\src\hotspot\share\prims\jni.cpp, line 516]
Event: 1122.815 Thread 0x000001dc49ed9e50 Exception <a 'sun/nio/fs/WindowsException'{0x0000000089bbe510}> (0x0000000089bbe510) 
thrown [s\open\src\hotspot\share\prims\jni.cpp, line 516]
Event: 1123.019 Thread 0x000001dc49ed9e50 Exception <a 'java/lang/ClassNotFoundException'{0x0000000088de12c0}: org/quartz/simpl/SimpleThreadPoolBeanInfo> (0x0000000088de12c0) 
thrown [s\open\src\hotspot\share\classfile\systemDictionary.cpp, line 256]
Event: 1123.019 Thread 0x000001dc49ed9e50 Exception <a 'java/lang/ClassNotFoundException'{0x0000000088de3c80}: java/lang/ObjectBeanInfo> (0x0000000088de3c80) 
thrown [s\open\src\hotspot\share\classfile\systemDictionary.cpp, line 256]
Event: 1123.020 Thread 0x000001dc49ed9e50 Exception <a 'java/lang/ClassNotFoundException'{0x0000000088de6650}: java/lang/ObjectCustomizer> (0x0000000088de6650) 
thrown [s\open\src\hotspot\share\classfile\systemDictionary.cpp, line 256]
Event: 1123.022 Thread 0x000001dc49ed9e50 Exception <a 'java/lang/ClassNotFoundException'{0x0000000088c05920}: org/quartz/simpl/SimpleThreadPoolCustomizer> (0x0000000088c05920) 
thrown [s\open\src\hotspot\share\classfile\systemDictionary.cpp, line 256]
Event: 1123.025 Thread 0x000001dc49ed9e50 Exception <a 'java/lang/ClassNotFoundException'{0x0000000088c34458}: org/quartz/simpl/RAMJobStoreBeanInfo> (0x0000000088c34458) 
thrown [s\open\src\hotspot\share\classfile\systemDictionary.cpp, line 256]
Event: 1123.027 Thread 0x000001dc49ed9e50 Exception <a 'java/lang/ClassNotFoundException'{0x0000000088c4ebe8}: org/quartz/simpl/RAMJobStoreCustomizer> (0x0000000088c4ebe8) 
thrown [s\open\src\hotspot\share\classfile\systemDictionary.cpp, line 256]
Event: 1124.927 Thread 0x000001dc4992d9e0 Exception <a 'java/lang/NoSuchMethodError'{0x000000008a183e30}: static [B.<clinit>()V> (0x000000008a183e30) 
thrown [s\open\src\hotspot\share\prims\jni.cpp, line 1107]
Event: 1143.704 Thread 0x000001dc49edc1c0 Exception <a 'java/lang/InterruptedException'{0x0000000089963468}: sleep interrupted> (0x0000000089963468) 
thrown [s\open\src\hotspot\share\prims\jvm.cpp, line 3064]
Event: 1143.719 Thread 0x000001dc49ed8500 Exception <a 'java/io/IOException'{0x0000000089eb80a8}> (0x0000000089eb80a8) 
thrown [s\open\src\hotspot\share\prims\jni.cpp, line 516]
Event: 1143.719 Thread 0x000001dc49edad80 Exception <a 'java/lang/InterruptedException'{0x0000000089ec8130}: sleep interrupted> (0x0000000089ec8130) 
thrown [s\open\src\hotspot\share\prims\jvm.cpp, line 3064]
Event: 1143.724 Thread 0x000001dc49edea40 Exception <a 'java/lang/InterruptedException'{0x0000000089800040}: sleep interrupted> (0x0000000089800040) 
thrown [s\open\src\hotspot\share\prims\jvm.cpp, line 3064]

VM Operations (20 events):
Event: 1121.676 Executing VM operation: G1Concurrent done
Event: 1121.751 Executing VM operation: G1Concurrent
Event: 1121.751 Executing VM operation: G1Concurrent done
Event: 1122.572 Executing VM operation: G1CollectForAllocation
Event: 1122.583 Executing VM operation: G1CollectForAllocation done
Event: 1123.098 Executing VM operation: G1CollectForAllocation
Event: 1123.112 Executing VM operation: G1CollectForAllocation done
Event: 1123.336 Executing VM operation: G1Concurrent
Event: 1123.351 Executing VM operation: G1Concurrent done
Event: 1123.476 Executing VM operation: G1Concurrent
Event: 1123.477 Executing VM operation: G1Concurrent done
Event: 1123.968 Executing VM operation: G1CollectForAllocation
Event: 1123.980 Executing VM operation: G1CollectForAllocation done
Event: 1124.980 Executing VM operation: Cleanup
Event: 1124.980 Executing VM operation: Cleanup done
Event: 1126.980 Executing VM operation: Cleanup
Event: 1126.981 Executing VM operation: Cleanup done
Event: 1142.454 Executing VM operation: HandshakeAllThreads
Event: 1142.472 Executing VM operation: HandshakeAllThreads done
Event: 1143.724 Executing VM operation: G1CollectFull

Events (20 events):
Event: 1143.688 Thread 0x000001dc4992ac50 Thread exited: 0x000001dc4992ac50
Event: 1143.688 Thread 0x000001dc4992cab0 Thread exited: 0x000001dc4992cab0
Event: 1143.688 Thread 0x000001dc499288e0 Thread exited: 0x000001dc499288e0
Event: 1143.689 Thread 0x000001dc49929d20 Thread exited: 0x000001dc49929d20
Event: 1143.689 Thread 0x000001dc49927ec0 Thread exited: 0x000001dc49927ec0
Event: 1143.689 Thread 0x000001dc49926060 Thread exited: 0x000001dc49926060
Event: 1143.689 Thread 0x000001dc49929300 Thread exited: 0x000001dc49929300
Event: 1143.689 Thread 0x000001dc4992c090 Thread exited: 0x000001dc4992c090
Event: 1143.689 Thread 0x000001dc499283d0 Thread exited: 0x000001dc499283d0
Event: 1143.689 Thread 0x000001dc49929810 Thread exited: 0x000001dc49929810
Event: 1143.689 Thread 0x000001dc4992bb80 Thread exited: 0x000001dc4992bb80
Event: 1143.689 Thread 0x000001dc4992d4d0 Thread exited: 0x000001dc4992d4d0
Event: 1143.701 Thread 0x000001dc49926f90 Thread exited: 0x000001dc49926f90
Event: 1143.704 Thread 0x000001dc49edc1c0 Thread exited: 0x000001dc49edc1c0
Event: 1143.716 Thread 0x000001dc49edc6d0 Thread exited: 0x000001dc49edc6d0
Event: 1143.718 Thread 0x000001dc49edbcb0 Thread exited: 0x000001dc49edbcb0
Event: 1143.719 Thread 0x000001dc49ed8500 Thread exited: 0x000001dc49ed8500
Event: 1143.719 Thread 0x000001dc49edad80 Thread exited: 0x000001dc49edad80
Event: 1143.724 Thread 0x000001dc49ed9940 Thread exited: 0x000001dc49ed9940
Event: 1143.724 Thread 0x000001dc49edea40 Thread exited: 0x000001dc49edea40


Dynamic libraries:
0x00007ff6ffdf0000 - 0x00007ff6ffe00000 	C:\Program Files\Java\jdk-17\bin\javaw.exe
0x00007ffb02970000 - 0x00007ffb02b68000 	C:\WINDOWS\SYSTEM32\ntdll.dll
0x00007ffb01850000 - 0x00007ffb01911000 	C:\WINDOWS\System32\KERNEL32.DLL
0x00007ffb00560000 - 0x00007ffb0085d000 	C:\WINDOWS\System32\KERNELBASE.dll
0x00007ffb00300000 - 0x00007ffb00400000 	C:\WINDOWS\System32\ucrtbase.dll
0x00007ffaf71a0000 - 0x00007ffaf71b9000 	C:\Program Files\Java\jdk-17\bin\jli.dll
0x00007ffb00b30000 - 0x00007ffb00be0000 	C:\WINDOWS\System32\ADVAPI32.dll
0x00007ffb01060000 - 0x00007ffb010fe000 	C:\WINDOWS\System32\msvcrt.dll
0x00007ffb02890000 - 0x00007ffb02930000 	C:\WINDOWS\System32\sechost.dll
0x00007ffb011b0000 - 0x00007ffb012d3000 	C:\WINDOWS\System32\RPCRT4.dll
0x00007ffb00020000 - 0x00007ffb00047000 	C:\WINDOWS\System32\bcrypt.dll
0x00007ffb01940000 - 0x00007ffb01add000 	C:\WINDOWS\System32\USER32.dll
0x00007ffb002d0000 - 0x00007ffb002f2000 	C:\WINDOWS\System32\win32u.dll
0x00007ffb02540000 - 0x00007ffb0256b000 	C:\WINDOWS\System32\GDI32.dll
0x00007ffb000f0000 - 0x00007ffb00207000 	C:\WINDOWS\System32\gdi32full.dll
0x00007ffb00050000 - 0x00007ffb000ed000 	C:\WINDOWS\System32\msvcp_win.dll
0x00007ffaf4e30000 - 0x00007ffaf4e4b000 	C:\Program Files\Java\jdk-17\bin\VCRUNTIME140.dll
0x00007ffae2ef0000 - 0x00007ffae318a000 	C:\WINDOWS\WinSxS\amd64_microsoft.windows.common-controls_6595b64144ccf1df_6.0.19041.4355_none_60b8b9eb71f62e16\COMCTL32.dll
0x00007ffaf5860000 - 0x00007ffaf586a000 	C:\WINDOWS\SYSTEM32\VERSION.dll
0x00007ffb00cd0000 - 0x00007ffb00cff000 	C:\WINDOWS\System32\IMM32.DLL
0x00007ffaf8aa0000 - 0x00007ffaf8aac000 	C:\Program Files\Java\jdk-17\bin\vcruntime140_1.dll
0x00007ffaa34c0000 - 0x00007ffaa354e000 	C:\Program Files\Java\jdk-17\bin\msvcp140.dll
0x00007ffa9c0f0000 - 0x00007ffa9cccf000 	C:\Program Files\Java\jdk-17\bin\server\jvm.dll
0x00007ffb00c60000 - 0x00007ffb00c68000 	C:\WINDOWS\System32\PSAPI.DLL
0x00007ffae79f0000 - 0x00007ffae79f9000 	C:\WINDOWS\SYSTEM32\WSOCK32.dll
0x00007ffb02250000 - 0x00007ffb022bb000 	C:\WINDOWS\System32\WS2_32.dll
0x00007ffae63e0000 - 0x00007ffae6407000 	C:\WINDOWS\SYSTEM32\WINMM.dll
0x00007ffafe630000 - 0x00007ffafe642000 	C:\WINDOWS\SYSTEM32\kernel.appcore.dll
0x00007ffaf5460000 - 0x00007ffaf546a000 	C:\Program Files\Java\jdk-17\bin\jimage.dll
0x00007ffafa9e0000 - 0x00007ffafabc4000 	C:\WINDOWS\SYSTEM32\DBGHELP.DLL
0x00007ffae7330000 - 0x00007ffae7364000 	C:\WINDOWS\SYSTEM32\dbgcore.DLL
0x00007ffb00910000 - 0x00007ffb00992000 	C:\WINDOWS\System32\bcryptPrimitives.dll
0x00007ffadc960000 - 0x00007ffadc985000 	C:\Program Files\Java\jdk-17\bin\java.dll
0x00007ffaa28f0000 - 0x00007ffaa29c7000 	C:\Program Files\Java\jdk-17\bin\jsvml.dll
0x00007ffb01ae0000 - 0x00007ffb0224f000 	C:\WINDOWS\System32\SHELL32.dll
0x00007ffafad20000 - 0x00007ffafb4bf000 	C:\WINDOWS\SYSTEM32\windows.storage.dll
0x00007ffb00d00000 - 0x00007ffb01053000 	C:\WINDOWS\System32\combase.dll
0x00007ffaff970000 - 0x00007ffaff99e000 	C:\WINDOWS\SYSTEM32\Wldp.dll
0x00007ffb022c0000 - 0x00007ffb0238d000 	C:\WINDOWS\System32\OLEAUT32.dll
0x00007ffb01100000 - 0x00007ffb011ad000 	C:\WINDOWS\System32\SHCORE.dll
0x00007ffb009a0000 - 0x00007ffb009f5000 	C:\WINDOWS\System32\shlwapi.dll
0x00007ffafff50000 - 0x00007ffafff74000 	C:\WINDOWS\SYSTEM32\profapi.dll
0x00007ffaf4e10000 - 0x00007ffaf4e29000 	C:\Program Files\Java\jdk-17\bin\net.dll
0x00007ffaf65f0000 - 0x00007ffaf66fd000 	C:\WINDOWS\SYSTEM32\WINHTTP.dll
0x00007ffaff6d0000 - 0x00007ffaff73a000 	C:\WINDOWS\system32\mswsock.dll
0x00007ffae23a0000 - 0x00007ffae23b6000 	C:\Program Files\Java\jdk-17\bin\nio.dll
0x00007ffadc940000 - 0x00007ffadc958000 	C:\Program Files\Java\jdk-17\bin\zip.dll
0x00007ffadd7a0000 - 0x00007ffadd7aa000 	C:\Program Files\Java\jdk-17\bin\management.dll
0x00007ffadd640000 - 0x00007ffadd64b000 	C:\Program Files\Java\jdk-17\bin\management_ext.dll
0x00007ffae3be0000 - 0x00007ffae3bf7000 	C:\WINDOWS\system32\napinsp.dll
0x00007ffae3bc0000 - 0x00007ffae3bdb000 	C:\WINDOWS\system32\pnrpnsp.dll
0x00007ffae3330000 - 0x00007ffae3345000 	C:\WINDOWS\system32\wshbth.dll
0x00007ffaf95b0000 - 0x00007ffaf95cd000 	C:\WINDOWS\system32\NLAapi.dll
0x00007ffaff3b0000 - 0x00007ffaff3eb000 	C:\WINDOWS\SYSTEM32\IPHLPAPI.DLL
0x00007ffaff3f0000 - 0x00007ffaff4ba000 	C:\WINDOWS\SYSTEM32\DNSAPI.dll
0x00007ffb02690000 - 0x00007ffb02698000 	C:\WINDOWS\System32\NSI.dll
0x00007ffae32f0000 - 0x00007ffae3302000 	C:\WINDOWS\System32\winrnr.dll
0x00007ffaee760000 - 0x00007ffaee76a000 	C:\Windows\System32\rasadhlp.dll
0x00007ffaf8330000 - 0x00007ffaf83b0000 	C:\WINDOWS\System32\fwpuclnt.dll
0x00007ffaff8c0000 - 0x00007ffaff8d8000 	C:\WINDOWS\SYSTEM32\CRYPTSP.dll
0x00007ffafeff0000 - 0x00007ffaff024000 	C:\WINDOWS\system32\rsaenh.dll
0x00007ffaffec0000 - 0x00007ffaffeee000 	C:\WINDOWS\SYSTEM32\USERENV.dll
0x00007ffaff8e0000 - 0x00007ffaff8ec000 	C:\WINDOWS\SYSTEM32\CRYPTBASE.dll
0x00007ffaf7bf0000 - 0x00007ffaf7c07000 	C:\WINDOWS\SYSTEM32\dhcpcsvc6.DLL
0x00007ffaf7bd0000 - 0x00007ffaf7bed000 	C:\WINDOWS\SYSTEM32\dhcpcsvc.DLL
0x00007ffaf9dc0000 - 0x00007ffaf9dce000 	C:\Program Files\Java\jdk-17\bin\sunmscapi.dll
0x00007ffb00400000 - 0x00007ffb0055e000 	C:\WINDOWS\System32\CRYPT32.dll
0x00007ffaff9e0000 - 0x00007ffaffa09000 	C:\WINDOWS\SYSTEM32\ncrypt.dll
0x00007ffaff9a0000 - 0x00007ffaff9db000 	C:\WINDOWS\SYSTEM32\NTASN1.dll
0x00007ffaf9db0000 - 0x00007ffaf9dc0000 	C:\Program Files\Java\jdk-17\bin\verify.dll
0x00007ffaf1870000 - 0x00007ffaf1877000 	C:\WINDOWS\system32\wshunix.dll

dbghelp: loaded successfully - version: 4.0.5 - missing functions: none
symbol engine: initialized successfully - sym options: 0x614 - pdb path: .;C:\Program Files\Java\jdk-17\bin;C:\WINDOWS\SYSTEM32;C:\WINDOWS\WinSxS\amd64_microsoft.windows.common-controls_6595b64144ccf1df_6.0.19041.4355_none_60b8b9eb71f62e16;C:\Program Files\Java\jdk-17\bin\server

VM Arguments:
jvm_args: -Dcom.sun.management.jmxremote -Dcom.sun.management.jmxremote.port=60593 -Dcom.sun.management.jmxremote.authenticate=false -Dcom.sun.management.jmxremote.ssl=false -Djava.rmi.server.hostname=localhost -Dspring.jmx.enabled=true -Dmanagement.endpoints.jmx.exposure.include=* -Dspring.application.admin.enabled=true -XX:TieredStopAtLevel=1 -Dspring.boot.project.name=VendorPortalUpload -Dfile.encoding=UTF-8 -Dstdout.encoding=UTF-8 -Dstderr.encoding=UTF-8 -XX:+ShowCodeDetailsInExceptionMessages 
java_command: com.application.main.VendorPortalUploadApplication --spring.output.ansi.enabled=always
java_class_path (initial): C:\1Project\VendorUploadNew\target\classes;C:\Users\PRANAV\.m2\repository\org\springframework\boot\spring-boot-starter-actuator\3.3.2\spring-boot-starter-actuator-3.3.2.jar;C:\Users\PRANAV\.m2\repository\org\springframework\boot\spring-boot-starter\3.3.2\spring-boot-starter-3.3.2.jar;C:\Users\PRANAV\.m2\repository\org\springframework\boot\spring-boot-starter-logging\3.3.2\spring-boot-starter-logging-3.3.2.jar;C:\Users\PRANAV\.m2\repository\ch\qos\logback\logback-classic\1.5.6\logback-classic-1.5.6.jar;C:\Users\PRANAV\.m2\repository\ch\qos\logback\logback-core\1.5.6\logback-core-1.5.6.jar;C:\Users\PRANAV\.m2\repository\org\apache\logging\log4j\log4j-to-slf4j\2.23.1\log4j-to-slf4j-2.23.1.jar;C:\Users\PRANAV\.m2\repository\org\apache\logging\log4j\log4j-api\2.23.1\log4j-api-2.23.1.jar;C:\Users\PRANAV\.m2\repository\jakarta\annotation\jakarta.annotation-api\2.1.1\jakarta.annotation-api-2.1.1.jar;C:\Users\PRANAV\.m2\repository\org\yaml\snakeyaml\2.2\snakeyaml-2.2.jar;C:\Users\PRANAV\.m2\repository\org\springframework\boot\spring-boot-actuator-autoconfigure\3.3.2\spring-boot-actuator-autoconfigure-3.3.2.jar;C:\Users\PRANAV\.m2\repository\org\springframework\boot\spring-boot-actuator\3.3.2\spring-boot-actuator-3.3.2.jar;C:\Users\PRANAV\.m2\repository\com\fasterxml\jackson\datatype\jackson-datatype-jsr310\2.17.2\jackson-datatype-jsr310-2.17.2.jar;C:\Users\PRANAV\.m2\repository\io\micrometer\micrometer-observation\1.13.2\micrometer-observation-1.13.2.jar;C:\Users\PRANAV\.m2\repository\io\micrometer\micrometer-commons\1.13.2\micrometer-commons-1.13.2.jar;C:\Users\PRANAV\.m2\repository\io\micrometer\micrometer-jakarta9\1.13.2\micrometer-jakarta9-1.13.2.jar;C:\Users\PRANAV\.m2\repository\io\micrometer\micrometer-core\1.13.2\micrometer-core-1.13.2.jar;C:\Users\PRANAV\.m2\repository\org\hdrhistogram\HdrHistogram\2.2.2\HdrHistogram-2.2.2.jar;C:\Users\PRANAV\.m2\repository\org\latencyutils\LatencyUtils\2.0.3\LatencyUtils-2.0.3.jar;C:\Users\PRANAV\.m2\re
Launcher Type: SUN_STANDARD

[Global flags]
     intx CICompilerCount                          = 3                                         {product} {ergonomic}
     uint ConcGCThreads                            = 1                                         {product} {ergonomic}
     uint G1ConcRefinementThreads                  = 4                                         {product} {ergonomic}
   size_t G1HeapRegionSize                         = 1048576                                   {product} {ergonomic}
    uintx GCDrainStackTargetSize                   = 64                                        {product} {ergonomic}
   size_t InitialHeapSize                          = 134217728                                 {product} {ergonomic}
     bool ManagementServer                         = true                                      {product} {command line}
   size_t MarkStackSize                            = 4194304                                   {product} {ergonomic}
   size_t MaxHeapSize                              = 2116026368                                {product} {ergonomic}
   size_t MaxNewSize                               = 1268776960                                {product} {ergonomic}
   size_t MinHeapDeltaBytes                        = 1048576                                   {product} {ergonomic}
   size_t MinHeapSize                              = 8388608                                   {product} {ergonomic}
    uintx NonProfiledCodeHeapSize                  = 0                                      {pd product} {ergonomic}
     bool ProfileInterpreter                       = false                                  {pd product} {command line}
    uintx ProfiledCodeHeapSize                     = 0                                      {pd product} {ergonomic}
     bool ShowCodeDetailsInExceptionMessages       = true                                   {manageable} {command line}
   size_t SoftMaxHeapSize                          = 2116026368                             {manageable} {ergonomic}
     intx TieredStopAtLevel                        = 1                                         {product} {command line}
     bool UseCompressedClassPointers               = true                           {product lp64_product} {ergonomic}
     bool UseCompressedOops                        = true                           {product lp64_product} {ergonomic}
     bool UseG1GC                                  = true                                      {product} {ergonomic}
     bool UseLargePagesIndividualAllocation        = false                                  {pd product} {ergonomic}

Logging:
Log output configuration:
 #0: stdout all=warning uptime,level,tags
 #1: stderr all=off uptime,level,tags

Environment Variables:
JAVA_HOME=C:\Program Files\Java\jre-1.8
CLASSPATH=C:\Program Files\Java\jdk-17
PATH=C:/sts-4.23.1.RELEASE//plugins/org.eclipse.justj.openjdk.hotspot.jre.full.win32.x86_64_21.0.3.v20240426-1530/jre/bin/server;C:/sts-4.23.1.RELEASE//plugins/org.eclipse.justj.openjdk.hotspot.jre.full.win32.x86_64_21.0.3.v20240426-1530/jre/bin;C:\Python312\Scripts\;C:\Python312\;C:\Program Files\Eclipse Adoptium\jdk-17.0.10.7-hotspot\bin;C:\Program Files\Common Files\Oracle\Java\javapath;C:\Users\PRANAV\Downloads\kafka-3.6.1-src;C:\Program Files (x86)\Common Files\Oracle\Java\javapath;C:\WINDOWS\system32;C:\WINDOWS;C:\WINDOWS\System32\Wbem;C:\WINDOWS\System32\WindowsPowerShell\v1.0\;C:\Program Files\Java\jdk1.8.0_301\bin;C:\WINDOWS\System32\OpenSSH\;C:\Program Files\Git\cmd;C:\Program Files\TortoiseSVN\bin;C:\Program Files\Docker\Docker\resources\bin;C:\ProgramData\chocolatey\bin;C:\Users\PRANAV\AppData\Roaming\nvm;C:\Program Files\nodejs;C:\Users\PRANAV\Downloads\kafka-3.6.1-src\bin;C:\Users\PRANAV\AppData\Local\Microsoft\WindowsApps;C:\Users\PRANAV\AppData\Local\Programs\mongosh\;C:\Users\PRANAV\AppData\Local\Programs\Microsoft VS Code\bin;C:\Users\PRANAV\AppData\Roaming\npm;C:\Users\PRANAV\AppData\Roaming\nvm;C:\Program Files\nodejs;C:\sts-4.23.1.RELEASE;
USERNAME=PRANAV
OS=Windows_NT
PROCESSOR_IDENTIFIER=Intel64 Family 6 Model 78 Stepping 3, GenuineIntel



---------------  S Y S T E M  ---------------

OS:
 Windows 10 , 64 bit Build 19041 (10.0.19041.4717)
OS uptime: 4 days 20:04 hours

CPU: total 4 (initial active 4) (2 cores per cpu, 2 threads per core) family 6 model 78 stepping 3 microcode 0xf0, cx8, cmov, fxsr, ht, mmx, 3dnowpref, sse, sse2, sse3, ssse3, sse4.1, sse4.2, popcnt, lzcnt, tsc, tscinvbit, avx, avx2, aes, erms, clmul, bmi1, bmi2, rtm, adx, fma, vzeroupper, clflush, clflushopt

Memory: 4k page, system-wide physical 8071M (797M free)
TotalPageFile size 16263M (AvailPageFile size 5506M)
current process WorkingSet (physical memory assigned to process): 333M, peak: 333M
current process commit charge ("private bytes"): 400M, peak: 400M

vm_info: Java HotSpot(TM) 64-Bit Server VM (17.0.10+11-LTS-240) for windows-amd64 JRE (17.0.10+11-LTS-240), built on Dec 19 2023 21:47:25 by "mach5one" with MS VC++ 17.1 (VS2022)

END.
